This file contains any messages produced by compilers while
running configure, to aid debugging if configure makes a mistake.

It was created by configure, which was
generated by GNU Autoconf 2.64.  Invocation command line was

  $ /home/gdb-8.1.1/gdb/configure --srcdir=.././gdb --cache-file=./config.cache --prefix=/usr/local/arm-gdb/ -v --program-transform-name=s&^&arm-linux-& --disable-option-checking --build=x86_64-pc-linux-gnu --host=x86_64-pc-linux-gnu --target=arm-linux build_alias=x86_64-pc-linux-gnu host_alias=x86_64-pc-linux-gnu target_alias=arm-linux CC=gcc CFLAGS=-g -O2 LDFLAGS=-static-libstdc++ -static-libgcc  CXX=g++ CXXFLAGS=-g -O2 MAKEINFO=makeinfo --split-size=5000000 YACC=bison -y --no-create --no-recursion

## --------- ##
## Platform. ##
## --------- ##

hostname = ubuntu
uname -m = x86_64
uname -r = 5.4.0-65-generic
uname -s = Linux
uname -v = #73~18.04.1-Ubuntu SMP Tue Jan 19 09:02:24 UTC 2021

/usr/bin/uname -p = unknown
/bin/uname -X     = unknown

/bin/arch              = unknown
/usr/bin/arch -k       = unknown
/usr/convex/getsysinfo = unknown
/usr/bin/hostinfo      = unknown
/bin/machine           = unknown
/usr/bin/oslevel       = unknown
/bin/universe          = unknown

PATH: /usr/local/sbin
PATH: /usr/local/bin
PATH: /usr/sbin
PATH: /usr/bin
PATH: /sbin
PATH: /bin
PATH: /usr/games
PATH: /usr/local/games
PATH: /snap/bin


## ----------- ##
## Core tests. ##
## ----------- ##

configure:2684: loading cache ./config.cache
configure:2771: checking whether to enable maintainer-specific portions of Makefiles
configure:2780: result: no
configure:2805: checking for x86_64-pc-linux-gnu-gcc
configure:2832: result: gcc
configure:3101: checking for C compiler version
configure:3110: gcc --version >&5
gcc (Ubuntu 7.5.0-3ubuntu1~18.04) 7.5.0
Copyright (C) 2017 Free Software Foundation, Inc.
This is free software; see the source for copying conditions.  There is NO
warranty; not even for MERCHANTABILITY or FITNESS FOR A PARTICULAR PURPOSE.

configure:3121: $? = 0
configure:3110: gcc -v >&5
Using built-in specs.
COLLECT_GCC=gcc
COLLECT_LTO_WRAPPER=/usr/lib/gcc/x86_64-linux-gnu/7/lto-wrapper
OFFLOAD_TARGET_NAMES=nvptx-none
OFFLOAD_TARGET_DEFAULT=1
Target: x86_64-linux-gnu
Configured with: ../src/configure -v --with-pkgversion='Ubuntu 7.5.0-3ubuntu1~18.04' --with-bugurl=file:///usr/share/doc/gcc-7/README.Bugs --enable-languages=c,ada,c++,go,brig,d,fortran,objc,obj-c++ --prefix=/usr --with-gcc-major-version-only --program-suffix=-7 --program-prefix=x86_64-linux-gnu- --enable-shared --enable-linker-build-id --libexecdir=/usr/lib --without-included-gettext --enable-threads=posix --libdir=/usr/lib --enable-nls --enable-bootstrap --enable-clocale=gnu --enable-libstdcxx-debug --enable-libstdcxx-time=yes --with-default-libstdcxx-abi=new --enable-gnu-unique-object --disable-vtable-verify --enable-libmpx --enable-plugin --enable-default-pie --with-system-zlib --with-target-system-zlib --enable-objc-gc=auto --enable-multiarch --disable-werror --with-arch-32=i686 --with-abi=m64 --with-multilib-list=m32,m64,mx32 --enable-multilib --with-tune=generic --enable-offload-targets=nvptx-none --without-cuda-driver --enable-checking=release --build=x86_64-linux-gnu --host=x86_64-linux-gnu --target=x86_64-linux-gnu
Thread model: posix
gcc version 7.5.0 (Ubuntu 7.5.0-3ubuntu1~18.04) 
configure:3121: $? = 0
configure:3110: gcc -V >&5
gcc: error: unrecognized command line option '-V'
gcc: fatal error: no input files
compilation terminated.
configure:3121: $? = 1
configure:3110: gcc -qversion >&5
gcc: error: unrecognized command line option '-qversion'; did you mean '--version'?
gcc: fatal error: no input files
compilation terminated.
configure:3121: $? = 1
configure:3141: checking for C compiler default output file name
configure:3163: gcc -g -O2  -static-libstdc++ -static-libgcc  conftest.c  >&5
configure:3167: $? = 0
configure:3204: result: a.out
configure:3220: checking whether the C compiler works
configure:3229: ./a.out
configure:3233: $? = 0
configure:3248: result: yes
configure:3255: checking whether we are cross compiling
configure:3257: result: no
configure:3260: checking for suffix of executables
configure:3267: gcc -o conftest -g -O2  -static-libstdc++ -static-libgcc  conftest.c  >&5
configure:3271: $? = 0
configure:3293: result: 
configure:3299: checking for suffix of object files
configure:3346: result: o
configure:3350: checking whether we are using the GNU C compiler
configure:3378: result: yes
configure:3387: checking whether gcc accepts -g
configure:3448: result: yes
configure:3465: checking for gcc option to accept ISO C89
configure:3542: result: none needed
configure:3674: checking for C++ compiler version
configure:3683: g++ --version >&5
g++ (Ubuntu 7.5.0-3ubuntu1~18.04) 7.5.0
Copyright (C) 2017 Free Software Foundation, Inc.
This is free software; see the source for copying conditions.  There is NO
warranty; not even for MERCHANTABILITY or FITNESS FOR A PARTICULAR PURPOSE.

configure:3694: $? = 0
configure:3683: g++ -v >&5
Using built-in specs.
COLLECT_GCC=g++
COLLECT_LTO_WRAPPER=/usr/lib/gcc/x86_64-linux-gnu/7/lto-wrapper
OFFLOAD_TARGET_NAMES=nvptx-none
OFFLOAD_TARGET_DEFAULT=1
Target: x86_64-linux-gnu
Configured with: ../src/configure -v --with-pkgversion='Ubuntu 7.5.0-3ubuntu1~18.04' --with-bugurl=file:///usr/share/doc/gcc-7/README.Bugs --enable-languages=c,ada,c++,go,brig,d,fortran,objc,obj-c++ --prefix=/usr --with-gcc-major-version-only --program-suffix=-7 --program-prefix=x86_64-linux-gnu- --enable-shared --enable-linker-build-id --libexecdir=/usr/lib --without-included-gettext --enable-threads=posix --libdir=/usr/lib --enable-nls --enable-bootstrap --enable-clocale=gnu --enable-libstdcxx-debug --enable-libstdcxx-time=yes --with-default-libstdcxx-abi=new --enable-gnu-unique-object --disable-vtable-verify --enable-libmpx --enable-plugin --enable-default-pie --with-system-zlib --with-target-system-zlib --enable-objc-gc=auto --enable-multiarch --disable-werror --with-arch-32=i686 --with-abi=m64 --with-multilib-list=m32,m64,mx32 --enable-multilib --with-tune=generic --enable-offload-targets=nvptx-none --without-cuda-driver --enable-checking=release --build=x86_64-linux-gnu --host=x86_64-linux-gnu --target=x86_64-linux-gnu
Thread model: posix
gcc version 7.5.0 (Ubuntu 7.5.0-3ubuntu1~18.04) 
configure:3694: $? = 0
configure:3683: g++ -V >&5
g++: error: unrecognized command line option '-V'
g++: fatal error: no input files
compilation terminated.
configure:3694: $? = 1
configure:3683: g++ -qversion >&5
g++: error: unrecognized command line option '-qversion'; did you mean '--version'?
g++: fatal error: no input files
compilation terminated.
configure:3694: $? = 1
configure:3698: checking whether we are using the GNU C++ compiler
configure:3726: result: yes
configure:3735: checking whether g++ accepts -g
configure:3796: result: yes
configure:3826: checking how to run the C preprocessor
configure:3896: result: gcc -E
configure:3916: gcc -E  conftest.c
configure:3916: $? = 0
configure:3930: gcc -E  conftest.c
conftest.c:9:10: fatal error: ac_nonexistent.h: No such file or directory
 #include <ac_nonexistent.h>
          ^~~~~~~~~~~~~~~~~~
compilation terminated.
configure:3930: $? = 1
configure: failed program was:
| /* confdefs.h */
| #define PACKAGE_NAME ""
| #define PACKAGE_TARNAME ""
| #define PACKAGE_VERSION ""
| #define PACKAGE_STRING ""
| #define PACKAGE_BUGREPORT ""
| #define PACKAGE_URL ""
| /* end confdefs.h.  */
| #include <ac_nonexistent.h>
configure:3959: checking for grep that handles long lines and -e
configure:4017: result: /bin/grep
configure:4022: checking for egrep
configure:4084: result: /bin/grep -E
configure:4089: checking for ANSI C header files
configure:4193: result: yes
configure:4206: checking for sys/types.h
configure:4206: result: yes
configure:4206: checking for sys/stat.h
configure:4206: result: yes
configure:4206: checking for stdlib.h
configure:4206: result: yes
configure:4206: checking for string.h
configure:4206: result: yes
configure:4206: checking for memory.h
configure:4206: result: yes
configure:4206: checking for strings.h
configure:4206: result: yes
configure:4206: checking for inttypes.h
configure:4206: result: yes
configure:4206: checking for stdint.h
configure:4206: result: yes
configure:4206: checking for unistd.h
configure:4206: result: yes
configure:4220: checking for minix/config.h
configure:4220: result: no
configure:4241: checking whether it is safe to define __EXTENSIONS__
configure:4266: result: yes
configure:4307: checking build system type
configure:4321: result: x86_64-pc-linux-gnu
configure:4341: checking host system type
configure:4354: result: x86_64-pc-linux-gnu
configure:4374: checking target system type
configure:4387: result: arm-unknown-linux-gnu
configure:4426: checking for dlfcn.h
configure:4426: result: yes
configure:4439: checking for windows.h
configure:4439: result: no
configure:4466: checking for library containing dlopen
configure:4514: result: -ldl
configure:4545: checking for special C compiler options needed for large files
configure:4590: result: no
configure:4596: checking for _FILE_OFFSET_BITS value needed for large files
configure:4653: result: no
configure:4740: checking for gcc option to accept ANSI C
configure:4808: result: none needed
configure:4978: checking whether g++ supports C++11 features by default
configure:5279: result: yes
configure:5963: checking dependency style of gcc
configure:6048: result: gcc3
configure:6133: === configuring in build-gnulib (/home/work/crosscompiler/gdb-8.1.1/gdb/build-gnulib)
configure:6160: running /bin/bash .././gnulib/configure --disable-option-checking '--prefix=/usr/local/arm-gdb'  '-v' '--program-transform-name=s&^&arm-linux-&' '--build=x86_64-pc-linux-gnu' '--host=x86_64-pc-linux-gnu' '--target=arm-linux' 'build_alias=x86_64-pc-linux-gnu' 'host_alias=x86_64-pc-linux-gnu' 'target_alias=arm-linux' 'CC=gcc' 'CFLAGS=-g -O2' 'LDFLAGS=-static-libstdc++ -static-libgcc ' 'CXX=g++' 'CXXFLAGS=-g -O2' 'MAKEINFO=makeinfo --split-size=5000000' 'YACC=bison -y' --cache-file=./config.cache --srcdir=.././gnulib
configure:6194: checking whether NLS is requested
configure:6200: result: yes
configure:6206: checking for catalogs to be installed
configure:6238: result: 
configure:6285: checking whether makeinfo --split-size=5000000 supports @click
configure:6297: result: yes
configure:6437: checking for default auto-load directory
configure:6459: result: $debugdir:$datadir/auto-load
configure:6462: checking for default auto-load safe-path
configure:6486: result: $debugdir:$datadir/auto-load
configure:6784: checking for libunwind-ia64.h
configure:6784: result: no
configure:6852: checking for monstartup
configure:6852: result: yes
configure:6852: checking for _mcleanup
configure:6852: result: yes
configure:6862: checking for _etext
configure:6888: result: yes
configure:6895: checking for etext
configure:6921: result: yes
configure:7033: checking for gawk
configure:7060: result: mawk
configure:7085: checking for a BSD-compatible install
configure:7153: result: /usr/bin/install -c
configure:7164: checking whether ln -s works
configure:7168: result: yes
configure:7178: checking for x86_64-pc-linux-gnu-ranlib
configure:7205: result: ranlib
configure:7271: checking for bison
configure:7298: result: bison -y
configure:7314: checking for x86_64-pc-linux-gnu-ar
configure:7341: result: ar
configure:7406: checking for x86_64-pc-linux-gnu-dlltool
configure:7433: result: dlltool
configure:7498: checking for x86_64-pc-linux-gnu-windres
configure:7525: result: windres
configure:7694: checking for main in -lm
configure:7722: result: yes
configure:7735: checking for library containing gethostbyname
configure:7783: result: none required
configure:7793: checking for library containing socketpair
configure:7841: result: none required
configure:7871: checking for library containing kinfo_getvmmap
configure:7919: result: no
configure:7970: checking for ld used by GCC
configure:8033: result: ld
configure:8040: checking if the linker (ld) is GNU ld
configure:8052: result: yes
configure:8058: checking for shared library run path origin
configure:8071: result: done
configure:8476: checking for iconv
configure:8574: result: yes
configure:8617: checking for iconv declaration
configure:8657: result: install-shextern size_t iconv (iconv_t cd, char * *inbuf, size_t *inbytesleft, char * *outbuf, size_t *outbytesleft);
configure:8733: checking for library containing waddstr
configure:8781: result: no
configure:8808: WARNING: no enhanced curses library found; disabling TUI
configure:8831: checking for library containing tgetent
configure:8879: result: -ltermcap
configure:8924: checking size of unsigned long long
configure:8944: result: 8
configure:8958: checking size of unsigned long
configure:8978: result: 8
configure:8992: checking size of unsigned __int128
configure:9012: result: 16
configure:9037: checking for library containing dlopen
configure:9085: result: -ldl
configure:9149: checking whether to use expat
configure:9151: result: auto
configure:9569: checking for libexpat
configure:9598: result: yes
configure:9605: checking how to link with libexpat
configure:9607: result: -lexpat
configure:9633: checking for XML_StopParser
configure:9633: result: yes
configure:9654: checking whether to use MPFR
configure:9656: result: auto
configure:10074: checking for libmpfr
configure:10104: result: yes
configure:10111: checking how to link with libmpfr
configure:10113: result: -lmpfr
configure:10153: checking whether to use python
configure:10155: result: auto
configure:10204: checking for python
configure:10235: result: /usr/bin/python
configure:10373: checking for python2.7
configure:10391: gcc -o conftest -g -O2  -I/usr/include/python2.7 -I/usr/include/python2.7 -static-libstdc++ -static-libgcc  conftest.c -ldl -ltermcap -lm -ldl  -lpthread -ldl -lutil -lm -lpython2.7 -Xlinker -export-dynamic -Wl,-O1 -Wl,-Bsymbolic-functions >&5
configure:10391: $? = 0
configure:10401: result: yes
configure:10648: checking compiler flags for python code
configure:10665: gcc -c -g -O2 -fno-strict-aliasing  conftest.c >&5
configure:10665: $? = 0
configure:10665: gcc -c -g -O2 -DNDEBUG  conftest.c >&5
configure:10665: $? = 0
configure:10665: gcc -c -g -O2 -fwrapv  conftest.c >&5
configure:10665: $? = 0
configure:10671: result:  -fno-strict-aliasing -DNDEBUG -fwrapv
configure:10694: checking whether python supports threads
configure:10709: gcc -E -I/usr/include/python2.7 -I/usr/include/python2.7 conftest.c
conftest.c:61:3: error: #error 
 # error
   ^~~~~
configure:10709: $? = 1
configure: failed program was:
| /* confdefs.h */
| #define PACKAGE_NAME ""
| #define PACKAGE_TARNAME ""
| #define PACKAGE_VERSION ""
| #define PACKAGE_STRING ""
| #define PACKAGE_BUGREPORT ""
| #define PACKAGE_URL ""
| #define STDC_HEADERS 1
| #define HAVE_SYS_TYPES_H 1
| #define HAVE_SYS_STAT_H 1
| #define HAVE_STDLIB_H 1
| #define HAVE_STRING_H 1
| #define HAVE_MEMORY_H 1
| #define HAVE_STRINGS_H 1
| #define HAVE_INTTYPES_H 1
| #define HAVE_STDINT_H 1
| #define HAVE_UNISTD_H 1
| #define __EXTENSIONS__ 1
| #define _ALL_SOURCE 1
| #define _GNU_SOURCE 1
| #define _POSIX_PTHREAD_SEMANTICS 1
| #define _TANDEM_SOURCE 1
| #define HAVE_DLFCN_H 1
| #define HAVE_CXX11 1
| #define ENABLE_NLS 1
| #define PACKAGE "gdb"
| #define DEBUGDIR "/usr/local/arm-gdb/lib/debug"
| #define DEBUGDIR_RELOCATABLE 1
| #define BINDIR "/usr/local/arm-gdb/bin"
| #define GDB_DATADIR "/usr/local/arm-gdb/share/gdb"
| #define GDB_DATADIR_RELOCATABLE 1
| #define AUTO_LOAD_DIR "$debugdir:$datadir/auto-load"
| #define AUTO_LOAD_SAFE_PATH "$debugdir:$datadir/auto-load"
| #define DEFAULT_BFD_ARCH bfd_arm_arch
| #define DEFAULT_BFD_VEC arm_elf32_le_vec
| #define HAVE_MONSTARTUP 1
| #define HAVE__MCLEANUP 1
| #define HAVE__ETEXT 1
| #define HAVE_ETEXT 1
| #define PKGVERSION "(GDB) "
| #define REPORT_BUGS_TO "<http://www.gnu.org/software/gdb/bugs/>"
| #define HAVE_LIBM 1
| #define HAVE_ICONV 1
| #define ICONV_CONST 
| #define SIZEOF_UNSIGNED_LONG_LONG 8
| #define SIZEOF_UNSIGNED_LONG 8
| #define SIZEOF_UNSIGNED___INT128 16
| #define JIT_READER_DIR "/usr/local/arm-gdb/lib/gdb"
| #define JIT_READER_DIR_RELOCATABLE 1
| #define HAVE_LIBEXPAT 1
| #define HAVE_XML_STOPPARSER 1
| #define HAVE_LIBMPFR 1
| #define HAVE_LIBPYTHON2_7 1
| #define WITH_PYTHON_PATH "/usr"
| #define PYTHON_PATH_RELOCATABLE 0
| #define HAVE_PYTHON 1
| /* end confdefs.h.  */
| 
| #include <Python.h>
| #ifdef WITH_THREAD
| # error
| #endif
| 
configure:10715: result: yes
configure:10760: checking whether to use guile
configure:10762: result: auto
configure:10767: checking for pkg-config
configure:10798: result: /usr/bin/pkg-config
configure:10825: checking for usable guile from /usr/bin/pkg-config
configure:10894: result: no
configure:11383: checking whether to use intel pt
configure:11385: result: auto
configure:11402: gcc -E  conftest.c
configure:11402: $? = 0
configure:11827: checking for libipt
configure:11856: result: no
configure:11883: WARNING: libipt is missing or unusable; some features may be unavailable.
configure:11929: checking for ANSI C header files
configure:12033: result: yes
configure:12051: checking for nlist.h
configure:12051: result: no
configure:12051: checking for machine/reg.h
configure:12051: result: no
configure:12051: checking for poll.h
configure:12051: result: yes
configure:12051: checking for sys/poll.h
configure:12051: result: yes
configure:12051: checking for proc_service.h
configure:12051: result: yes
configure:12051: checking for thread_db.h
configure:12051: result: yes
configure:12051: checking for sys/file.h
configure:12051: result: yes
configure:12051: checking for sys/filio.h
configure:12051: result: no
configure:12051: checking for sys/ioctl.h
configure:12051: result: yes
configure:12051: checking for sys/param.h
configure:12051: result: yes
configure:12051: checking for sys/resource.h
configure:12051: result: yes
configure:12051: checking for sys/procfs.h
configure:12051: result: yes
configure:12051: checking for sys/ptrace.h
configure:12051: result: yes
configure:12051: checking for ptrace.h
configure:12051: result: no
configure:12051: checking for sys/reg.h
configure:12051: result: yes
configure:12051: checking for sys/debugreg.h
configure:12051: result: yes
configure:12051: checking for sys/select.h
configure:12051: result: yes
configure:12051: checking for termios.h
configure:12051: result: yes
configure:12051: checking for elf_hp.h
configure:12051: result: no
configure:12051: checking for dlfcn.h
configure:12051: result: yes
configure:12064: checking for sys/user.h
configure:12064: result: yes
configure:12082: checking for curses.h
configure:12082: result: no
configure:12082: checking for cursesX.h
configure:12082: result: no
configure:12082: checking for ncurses.h
configure:12082: result: no
configure:12082: checking for ncursesw/ncurses.h
configure:12082: result: no
configure:12082: checking for ncurses/ncurses.h
configure:12082: result: no
configure:12082: checking for ncurses/term.h
configure:12082: result: no
configure:12095: checking for term.h
configure:12095: result: no
configure:12116: checking for long long
configure:12116: result: yes
configure:12127: checking size of long long
configure:12147: result: 8
configure:12160: checking whether basename is declared
configure:12160: result: yes
configure:12170: checking whether ffs is declared
configure:12170: result: yes
configure:12180: checking whether asprintf is declared
configure:12180: result: yes
configure:12190: checking whether vasprintf is declared
configure:12190: result: yes
configure:12200: checking whether snprintf is declared
configure:12200: result: yes
configure:12210: checking whether vsnprintf is declared
configure:12210: result: yes
configure:12221: checking whether strtol is declared
configure:12221: result: yes
configure:12231: checking whether strtoul is declared
configure:12231: result: yes
configure:12241: checking whether strtoll is declared
configure:12241: result: yes
configure:12251: checking whether strtoull is declared
configure:12251: result: yes
configure:12262: checking whether strverscmp is declared
configure:12262: result: yes
configure:12275: checking whether free is declared
configure:12275: result: yes
configure:12285: checking whether malloc is declared
configure:12285: result: yes
configure:12295: checking whether realloc is declared
configure:12295: result: yes
configure:12305: checking whether snprintf is declared
configure:12305: result: yes
configure:12317: checking for LC_MESSAGES
configure:12341: result: yes
configure:12354: checking for struct stat.st_blocks
configure:12354: result: yes
configure:12363: checking for struct stat.st_blksize
configure:12363: result: yes
configure:12378: checking for socklen_t
configure:12378: result: yes
configure:12396: checking for an ANSI C-conforming const
configure:12468: result: yes
configure:12476: checking for inline
configure:12500: result: inline
configure:12518: checking whether byte ordering is bigendian
configure:12724: result: no
configure:12750: checking for stdlib.h
configure:12750: result: yes
configure:12750: checking for unistd.h
configure:12750: result: yes
configure:12763: checking for getpagesize
configure:12763: result: yes
configure:12772: checking for working mmap
configure:12919: result: yes
configure:12928: checking for pid_t
configure:12928: result: yes
configure:12941: checking for vfork.h
configure:12941: result: no
configure:12954: checking for fork
configure:12954: result: yes
configure:12954: checking for vfork
configure:12954: result: yes
configure:12965: checking for working fork
configure:12997: result: yes
configure:13018: checking for working vfork
configure:13128: result: yes
configure:13162: checking for getauxval
configure:13162: result: yes
configure:13162: checking for getrusage
configure:13162: result: yes
configure:13162: checking for getuid
configure:13162: result: yes
configure:13162: checking for getgid
configure:13162: result: yes
configure:13162: checking for pipe
configure:13162: result: yes
configure:13162: checking for poll
configure:13162: result: yes
configure:13162: checking for pread
configure:13162: result: yes
configure:13162: checking for pread64
configure:13162: result: yes
configure:13162: checking for pwrite
configure:13162: result: yes
configure:13162: checking for resize_term
configure:13162: result: no
configure:13162: checking for sbrk
configure:13162: result: yes
configure:13162: checking for setpgid
configure:13162: result: yes
configure:13162: checking for setpgrp
configure:13162: result: yes
configure:13162: checking for setsid
configure:13162: result: yes
configure:13162: checking for sigaction
configure:13162: result: yes
configure:13162: checking for sigprocmask
configure:13162: result: yes
configure:13162: checking for sigsetmask
configure:13162: result: yes
configure:13162: checking for socketpair
configure:13162: result: yes
configure:13162: checking for ttrace
configure:13162: result: no
configure:13162: checking for wborder
configure:13162: result: no
configure:13162: checking for wresize
configure:13162: result: no
configure:13162: checking for setlocale
configure:13162: result: yes
configure:13162: checking for iconvlist
configure:13162: result: no
configure:13162: checking for libiconvlist
configure:13162: result: no
configure:13162: checking for btowc
configure:13162: result: yes
configure:13162: checking for setrlimit
configure:13162: result: yes
configure:13162: checking for getrlimit
configure:13162: result: yes
configure:13162: checking for posix_madvise
configure:13162: result: yes
configure:13162: checking for waitpid
configure:13162: result: yes
configure:13162: checking for ptrace64
configure:13162: result: no
configure:13162: checking for sigaltstack
configure:13162: result: yes
configure:13162: checking for mkdtemp
configure:13162: result: yes
configure:13162: checking for setns
configure:13162: result: yes
configure:13173: checking for nl_langinfo and CODESET
configure:13198: result: yes
configure:13207: checking for ANSI C header files
configure:13311: result: yes
configure:13321: checking for working alloca.h
configure:13346: result: yes
configure:13354: checking for alloca
configure:13399: result: yes
configure:13511: checking for nl_langinfo and CODESET
configure:13536: result: yes
configure:13548: checking for linux/perf_event.h
configure:13548: result: yes
configure:13548: checking for locale.h
configure:13548: result: yes
configure:13548: checking for memory.h
configure:13548: result: yes
configure:13548: checking for signal.h
configure:13548: result: yes
configure:13548: checking for sys/resource.h
configure:13548: result: yes
configure:13548: checking for sys/socket.h
configure:13548: result: yes
configure:13548: checking for sys/un.h
configure:13548: result: yes
configure:13548: checking for sys/wait.h
configure:13548: result: yes
configure:13548: checking for thread_db.h
configure:13548: result: yes
configure:13548: checking for wait.h
configure:13548: result: yes
configure:13548: checking for termios.h
configure:13548: result: yes
configure:13563: checking for fdwalk
configure:13563: result: no
configure:13563: checking for getrlimit
configure:13563: result: yes
configure:13563: checking for pipe
configure:13563: result: yes
configure:13563: checking for pipe2
configure:13563: result: yes
configure:13563: checking for socketpair
configure:13563: result: yes
configure:13563: checking for sigaction
configure:13563: result: yes
configure:13574: checking whether strerror is declared
configure:13574: result: yes
configure:13584: checking whether strstr is declared
configure:13584: result: yes
configure:13596: checking for sigsetjmp
configure:13621: result: yes
configure:13636: checking for sys/ptrace.h
configure:13636: result: yes
configure:13636: checking for ptrace.h
configure:13636: result: no
configure:13658: checking whether ptrace is declared
configure:13658: result: yes
configure:13680: checking return type of ptrace
configure:13719: result: long
configure:13727: checking types of arguments for ptrace
configure:13803: result: enum __ptrace_request,int,long,long
configure:13834: checking whether setpgrp takes no argument
configure:13866: result: yes
configure:13918: checking for GNU regex
configure:13944: result: yes
configure:13965: checking for struct thread.td_pcb
configure:13965: result: no
configure:13980: checking for struct lwp
configure:14005: result: no
configure:14014: checking for struct reg in machine/reg.h
configure:14038: result: no
configure:14048: checking for struct reg.r_fs
configure:14048: result: no
configure:14059: checking for struct reg.r_gs
configure:14059: result: no
configure:14075: checking for struct user_regs_struct.fs_base
configure:14075: result: yes
configure:14086: checking for struct user_regs_struct.gs_base
configure:14086: result: yes
configure:14100: checking for PTRACE_GETREGS
configure:14124: result: yes
configure:14133: checking for PTRACE_GETFPXREGS
configure:14157: result: yes
configure:14166: checking for PT_GETDBREGS
configure:14191: result: no
configure:14200: checking for PT_GETXMMREGS
configure:14225: result: no
configure:14236: checking for struct ptrace_lwpinfo.pl_tdname
configure:14236: result: no
configure:14251: checking for struct ptrace_lwpinfo.pl_syscall_code
configure:14251: result: no
configure:14264: checking for gregset_t in sys/procfs.h
configure:14298: result: no
configure:14301: checking for fpregset_t in sys/procfs.h
configure:14335: result: no
configure:14338: checking for prgregset_t in sys/procfs.h
configure:14372: result: yes
configure:14375: checking for prfpregset_t in sys/procfs.h
configure:14409: result: yes
configure:14412: checking for prgregset32_t in sys/procfs.h
configure:14446: result: no
configure:14449: checking for lwpid_t in sys/procfs.h
configure:14483: result: yes
configure:14486: checking for psaddr_t in sys/procfs.h
configure:14520: result: yes
configure:14527: checking whether prfpregset_t type is broken
configure:14556: result: no
configure:14568: checking for long long support in compiler
configure:14591: result: yes
configure:14600: checking for long long support in printf
configure:14636: result: yes
configure:14646: checking for decfloat support in printf
configure:14680: result: no
configure:14693: checking for long double support in compiler
configure:14709: result: yes
configure:14719: checking for long double support in printf
configure:14751: result: yes
configure:14761: checking for long double support in scanf
configure:14793: result: yes
configure:14844: checking for the dynamic export flag
configure:14928: result: -rdynamic
configure:14990: checking whether <thread_db.h> has TD_NOTALLOC
configure:15015: result: yes
configure:15017: checking whether <thread_db.h> has TD_VERSION
configure:15042: result: yes
configure:15044: checking whether <thread_db.h> has TD_NOTLS
configure:15069: result: yes
configure:15088: checking whether ADDR_NO_RANDOMIZE is declared
configure:15088: result: yes
configure:15146: gcc -o conftest -g -O2  -static-libstdc++ -static-libgcc  conftest.c -ldl -ltermcap -lm -ldl  >&5
configure:15146: $? = 0
configure:15146: ./conftest
configure:15146: $? = 0
configure:15360: checking compiler warning flags
configure:15393: g++ -c -g -O2 -Werror -Wall  conftest.cpp >&5
configure:15393: $? = 0
configure:15393: g++ -c -g -O2 -Werror -Wpointer-arith  conftest.cpp >&5
configure:15393: $? = 0
configure:15393: g++ -c -g -O2 -Werror -Wunused  conftest.cpp >&5
configure:15393: $? = 0
configure:15393: g++ -c -g -O2 -Werror -Wunused-value  conftest.cpp >&5
configure:15393: $? = 0
configure:15393: g++ -c -g -O2 -Werror -Wunused-function  conftest.cpp >&5
configure:15393: $? = 0
configure:15393: g++ -c -g -O2 -Werror -Wswitch  conftest.cpp >&5
configure:15393: $? = 0
configure:15393: g++ -c -g -O2 -Werror -Wchar-subscripts  conftest.cpp >&5
configure:15393: $? = 0
configure:15393: g++ -c -g -O2 -Werror -Wempty-body  conftest.cpp >&5
configure:15393: $? = 0
configure:15393: g++ -c -g -O2 -Werror -Wunused-but-set-parameter  conftest.cpp >&5
configure:15393: $? = 0
configure:15393: g++ -c -g -O2 -Werror -Wunused-but-set-variable  conftest.cpp >&5
configure:15393: $? = 0
configure:15393: g++ -c -g -O2 -Werror -Wsign-compare  conftest.cpp >&5
configure:15393: $? = 0
configure:15393: g++ -c -g -O2 -Werror -Wnarrowing  conftest.cpp >&5
configure:15393: $? = 0
configure:15393: g++ -c -g -O2 -Werror -Werror=maybe-uninitialized  conftest.cpp >&5
configure:15393: $? = 0
configure:15393: g++ -c -g -O2 -Werror -Wmismatched-tags  conftest.cpp >&5
g++: error: unrecognized command line option '-Wmismatched-tags'
configure:15393: $? = 1
configure: failed program was:
| /* confdefs.h */
| #define PACKAGE_NAME ""
| #define PACKAGE_TARNAME ""
| #define PACKAGE_VERSION ""
| #define PACKAGE_STRING ""
| #define PACKAGE_BUGREPORT ""
| #define PACKAGE_URL ""
| #define STDC_HEADERS 1
| #define HAVE_SYS_TYPES_H 1
| #define HAVE_SYS_STAT_H 1
| #define HAVE_STDLIB_H 1
| #define HAVE_STRING_H 1
| #define HAVE_MEMORY_H 1
| #define HAVE_STRINGS_H 1
| #define HAVE_INTTYPES_H 1
| #define HAVE_STDINT_H 1
| #define HAVE_UNISTD_H 1
| #define __EXTENSIONS__ 1
| #define _ALL_SOURCE 1
| #define _GNU_SOURCE 1
| #define _POSIX_PTHREAD_SEMANTICS 1
| #define _TANDEM_SOURCE 1
| #define HAVE_DLFCN_H 1
| #define HAVE_CXX11 1
| #define ENABLE_NLS 1
| #define PACKAGE "gdb"
| #define DEBUGDIR "/usr/local/arm-gdb/lib/debug"
| #define DEBUGDIR_RELOCATABLE 1
| #define BINDIR "/usr/local/arm-gdb/bin"
| #define GDB_DATADIR "/usr/local/arm-gdb/share/gdb"
| #define GDB_DATADIR_RELOCATABLE 1
| #define AUTO_LOAD_DIR "$debugdir:$datadir/auto-load"
| #define AUTO_LOAD_SAFE_PATH "$debugdir:$datadir/auto-load"
| #define DEFAULT_BFD_ARCH bfd_arm_arch
| #define DEFAULT_BFD_VEC arm_elf32_le_vec
| #define HAVE_MONSTARTUP 1
| #define HAVE__MCLEANUP 1
| #define HAVE__ETEXT 1
| #define HAVE_ETEXT 1
| #define PKGVERSION "(GDB) "
| #define REPORT_BUGS_TO "<http://www.gnu.org/software/gdb/bugs/>"
| #define HAVE_LIBM 1
| #define HAVE_ICONV 1
| #define ICONV_CONST 
| #define SIZEOF_UNSIGNED_LONG_LONG 8
| #define SIZEOF_UNSIGNED_LONG 8
| #define SIZEOF_UNSIGNED___INT128 16
| #define JIT_READER_DIR "/usr/local/arm-gdb/lib/gdb"
| #define JIT_READER_DIR_RELOCATABLE 1
| #define HAVE_LIBEXPAT 1
| #define HAVE_XML_STOPPARSER 1
| #define HAVE_LIBMPFR 1
| #define HAVE_LIBPYTHON2_7 1
| #define WITH_PYTHON_PATH "/usr"
| #define PYTHON_PATH_RELOCATABLE 0
| #define HAVE_PYTHON 1
| #define STDC_HEADERS 1
| #define HAVE_POLL_H 1
| #define HAVE_SYS_POLL_H 1
| #define HAVE_PROC_SERVICE_H 1
| #define HAVE_THREAD_DB_H 1
| #define HAVE_SYS_FILE_H 1
| #define HAVE_SYS_IOCTL_H 1
| #define HAVE_SYS_PARAM_H 1
| #define HAVE_SYS_RESOURCE_H 1
| #define HAVE_SYS_PROCFS_H 1
| #define HAVE_SYS_PTRACE_H 1
| #define HAVE_SYS_REG_H 1
| #define HAVE_SYS_DEBUGREG_H 1
| #define HAVE_SYS_SELECT_H 1
| #define HAVE_TERMIOS_H 1
| #define HAVE_DLFCN_H 1
| #define HAVE_SYS_USER_H 1
| #define HAVE_LONG_LONG 1
| #define SIZEOF_LONG_LONG 8
| #define HAVE_DECL_BASENAME 1
| #define HAVE_DECL_FFS 1
| #define HAVE_DECL_ASPRINTF 1
| #define HAVE_DECL_VASPRINTF 1
| #define HAVE_DECL_SNPRINTF 1
| #define HAVE_DECL_VSNPRINTF 1
| #define HAVE_DECL_STRTOL 1
| #define HAVE_DECL_STRTOUL 1
| #define HAVE_DECL_STRTOLL 1
| #define HAVE_DECL_STRTOULL 1
| #define HAVE_DECL_STRVERSCMP 1
| #define HAVE_DECL_FREE 1
| #define HAVE_DECL_MALLOC 1
| #define HAVE_DECL_REALLOC 1
| #define HAVE_DECL_SNPRINTF 1
| #define HAVE_LC_MESSAGES 1
| #define HAVE_STRUCT_STAT_ST_BLOCKS 1
| #define HAVE_STRUCT_STAT_ST_BLKSIZE 1
| #define HAVE_SOCKLEN_T 1
| #define HAVE_STDLIB_H 1
| #define HAVE_UNISTD_H 1
| #define HAVE_GETPAGESIZE 1
| #define HAVE_MMAP 1
| #define HAVE_FORK 1
| #define HAVE_VFORK 1
| #define HAVE_WORKING_VFORK 1
| #define HAVE_WORKING_FORK 1
| #define HAVE_GETAUXVAL 1
| #define HAVE_GETRUSAGE 1
| #define HAVE_GETUID 1
| #define HAVE_GETGID 1
| #define HAVE_PIPE 1
| #define HAVE_POLL 1
| #define HAVE_PREAD 1
| #define HAVE_PREAD64 1
| #define HAVE_PWRITE 1
| #define HAVE_SBRK 1
| #define HAVE_SETPGID 1
| #define HAVE_SETPGRP 1
| #define HAVE_SETSID 1
| #define HAVE_SIGACTION 1
| #define HAVE_SIGPROCMASK 1
| #define HAVE_SIGSETMASK 1
| #define HAVE_SOCKETPAIR 1
| #define HAVE_SETLOCALE 1
| #define HAVE_BTOWC 1
| #define HAVE_SETRLIMIT 1
| #define HAVE_GETRLIMIT 1
| #define HAVE_POSIX_MADVISE 1
| #define HAVE_WAITPID 1
| #define HAVE_SIGALTSTACK 1
| #define HAVE_MKDTEMP 1
| #define HAVE_SETNS 1
| #define HAVE_LANGINFO_CODESET 1
| #define STDC_HEADERS 1
| #define HAVE_ALLOCA_H 1
| #define HAVE_ALLOCA 1
| #define HAVE_LANGINFO_CODESET 1
| #define HAVE_LINUX_PERF_EVENT_H 1
| #define HAVE_LOCALE_H 1
| #define HAVE_MEMORY_H 1
| #define HAVE_SIGNAL_H 1
| #define HAVE_SYS_RESOURCE_H 1
| #define HAVE_SYS_SOCKET_H 1
| #define HAVE_SYS_UN_H 1
| #define HAVE_SYS_WAIT_H 1
| #define HAVE_THREAD_DB_H 1
| #define HAVE_WAIT_H 1
| #define HAVE_TERMIOS_H 1
| #define HAVE_GETRLIMIT 1
| #define HAVE_PIPE 1
| #define HAVE_PIPE2 1
| #define HAVE_SOCKETPAIR 1
| #define HAVE_SIGACTION 1
| #define HAVE_DECL_STRERROR 1
| #define HAVE_DECL_STRSTR 1
| #define HAVE_SIGSETJMP 1
| #define HAVE_SYS_PTRACE_H 1
| #define HAVE_DECL_PTRACE 1
| #define PTRACE_TYPE_RET long
| #define PTRACE_TYPE_ARG1 enum __ptrace_request
| #define PTRACE_TYPE_ARG3 long
| #define PTRACE_TYPE_ARG4 long
| #define SETPGRP_VOID 1
| #define HAVE_STRUCT_USER_REGS_STRUCT_FS_BASE 1
| #define HAVE_STRUCT_USER_REGS_STRUCT_GS_BASE 1
| #define HAVE_PTRACE_GETREGS 1
| #define HAVE_PTRACE_GETFPXREGS 1
| #define HAVE_PRGREGSET_T 1
| #define HAVE_PRFPREGSET_T 1
| #define HAVE_LWPID_T 1
| #define HAVE_PSADDR_T 1
| #define PRINTF_HAS_LONG_LONG 1
| #define HAVE_LONG_DOUBLE 1
| #define PRINTF_HAS_LONG_DOUBLE 1
| #define SCANF_HAS_LONG_DOUBLE 1
| #define THREAD_DB_HAS_TD_NOTALLOC 1
| #define THREAD_DB_HAS_TD_VERSION 1
| #define THREAD_DB_HAS_TD_NOTLS 1
| #define HAVE_DECL_ADDR_NO_RANDOMIZE 1
| #define HAVE_PERSONALITY 1
| #define GDBINIT ".gdbinit"
| #define TARGET_SYSTEM_ROOT ""
| #define TARGET_SYSTEM_ROOT_RELOCATABLE 0
| #define SYSTEM_GDBINIT ""
| #define SYSTEM_GDBINIT_RELOCATABLE 0
| /* end confdefs.h.  */
| 
| int
| main ()
| {
| 
|   ;
|   return 0;
| }
configure:15393: g++ -c -g -O2 -Werror -Wformat-nonliteral  conftest.cpp >&5
configure:15393: $? = 0
configure:15401: result:  -Wall -Wpointer-arith -Wno-unused -Wunused-value -Wunused-function -Wno-switch -Wno-char-subscripts -Wempty-body -Wunused-but-set-parameter -Wunused-but-set-variable -Wno-sign-compare -Wno-narrowing -Wno-error=maybe-uninitialized -Wformat-nonliteral 
configure:15416: checking for cygwin
configure:15437: result: no
configure:15483: checking for ELF support in BFD
configure:15510: result: yes
configure:15522: checking for library containing dlopen
configure:15570: result: -ldl
configure:15594: checking for Mach-O support in BFD
configure:15621: result: no
configure:15643: checking whether to use lzma
configure:15645: result: auto
configure:16059: checking for liblzma
configure:16090: result: no
configure:16646: checking for X
configure:16835: result: libraries , headers 
configure:17007: checking whether to use babeltrace
configure:17009: result: auto
configure:17434: checking for libbabeltrace
configure:17474: result: no
configure:17503: WARNING: babeltrace is missing or unusable; GDB is unable to read CTF data.
configure:17535: checking for xsltproc
configure:17568: result: no
configure:17744: creating ./config.status

## ---------------- ##
## Cache variables. ##
## ---------------- ##

ac_cv_build=x86_64-pc-linux-gnu
ac_cv_c_bigendian=no
ac_cv_c_compiler_gnu=yes
ac_cv_c_const=yes
ac_cv_c_inline=inline
ac_cv_cxx_compiler_gnu=yes
ac_cv_env_CCC_set=
ac_cv_env_CCC_value=
ac_cv_env_CC_set=set
ac_cv_env_CC_value=gcc
ac_cv_env_CFLAGS_set=set
ac_cv_env_CFLAGS_value='-g -O2'
ac_cv_env_CPPFLAGS_set=
ac_cv_env_CPPFLAGS_value=
ac_cv_env_CPP_set=
ac_cv_env_CPP_value=
ac_cv_env_CXXFLAGS_set=set
ac_cv_env_CXXFLAGS_value='-g -O2'
ac_cv_env_CXX_set=set
ac_cv_env_CXX_value=g++
ac_cv_env_LDFLAGS_set=set
ac_cv_env_LDFLAGS_value='-static-libstdc++ -static-libgcc '
ac_cv_env_LIBS_set=
ac_cv_env_LIBS_value=
ac_cv_env_MAKEINFOFLAGS_set=
ac_cv_env_MAKEINFOFLAGS_value=
ac_cv_env_MAKEINFO_set=set
ac_cv_env_MAKEINFO_value='makeinfo --split-size=5000000'
ac_cv_env_XMKMF_set=
ac_cv_env_XMKMF_value=
ac_cv_env_YACC_set=set
ac_cv_env_YACC_value='bison -y'
ac_cv_env_YFLAGS_set=
ac_cv_env_YFLAGS_value=
ac_cv_env_build_alias_set=set
ac_cv_env_build_alias_value=x86_64-pc-linux-gnu
ac_cv_env_host_alias_set=set
ac_cv_env_host_alias_value=x86_64-pc-linux-gnu
ac_cv_env_target_alias_set=set
ac_cv_env_target_alias_value=arm-linux
ac_cv_func_XML_StopParser=yes
ac_cv_func__mcleanup=yes
ac_cv_func_alloca_works=yes
ac_cv_func_btowc=yes
ac_cv_func_fdwalk=no
ac_cv_func_fork=yes
ac_cv_func_fork_works=yes
ac_cv_func_getauxval=yes
ac_cv_func_getgid=yes
ac_cv_func_getpagesize=yes
ac_cv_func_getrlimit=yes
ac_cv_func_getrusage=yes
ac_cv_func_getuid=yes
ac_cv_func_iconvlist=no
ac_cv_func_libiconvlist=no
ac_cv_func_mkdtemp=yes
ac_cv_func_mmap_fixed_mapped=yes
ac_cv_func_monstartup=yes
ac_cv_func_pipe2=yes
ac_cv_func_pipe=yes
ac_cv_func_poll=yes
ac_cv_func_posix_madvise=yes
ac_cv_func_pread64=yes
ac_cv_func_pread=yes
ac_cv_func_ptrace64=no
ac_cv_func_pwrite=yes
ac_cv_func_resize_term=no
ac_cv_func_sbrk=yes
ac_cv_func_setlocale=yes
ac_cv_func_setns=yes
ac_cv_func_setpgid=yes
ac_cv_func_setpgrp=yes
ac_cv_func_setpgrp_void=yes
ac_cv_func_setrlimit=yes
ac_cv_func_setsid=yes
ac_cv_func_sigaction=yes
ac_cv_func_sigaltstack=yes
ac_cv_func_sigprocmask=yes
ac_cv_func_sigsetmask=yes
ac_cv_func_socketpair=yes
ac_cv_func_ttrace=no
ac_cv_func_vfork=yes
ac_cv_func_vfork_works=yes
ac_cv_func_waitpid=yes
ac_cv_func_wborder=no
ac_cv_func_wresize=no
ac_cv_have_decl_ADDR_NO_RANDOMIZE=yes
ac_cv_have_decl_asprintf=yes
ac_cv_have_decl_basename_char_p_=yes
ac_cv_have_decl_ffs=yes
ac_cv_have_decl_free=yes
ac_cv_have_decl_malloc=yes
ac_cv_have_decl_ptrace=yes
ac_cv_have_decl_realloc=yes
ac_cv_have_decl_snprintf=yes
ac_cv_have_decl_strerror=yes
ac_cv_have_decl_strstr=yes
ac_cv_have_decl_strtol=yes
ac_cv_have_decl_strtoll=yes
ac_cv_have_decl_strtoul=yes
ac_cv_have_decl_strtoull=yes
ac_cv_have_decl_strverscmp=yes
ac_cv_have_decl_vasprintf=yes
ac_cv_have_decl_vsnprintf=yes
ac_cv_have_x='have_x=yes	ac_x_includes='\'''\''	ac_x_libraries='\'''\'''
ac_cv_header_cursesX_h=no
ac_cv_header_curses_h=no
ac_cv_header_dlfcn_h=yes
ac_cv_header_elf_hp_h=no
ac_cv_header_inttypes_h=yes
ac_cv_header_libunwind_ia64_h=no
ac_cv_header_linux_perf_event_h=yes
ac_cv_header_locale_h=yes
ac_cv_header_machine_reg_h=no
ac_cv_header_memory_h=yes
ac_cv_header_minix_config_h=no
ac_cv_header_ncurses_h=no
ac_cv_header_ncurses_ncurses_h=no
ac_cv_header_ncurses_term_h=no
ac_cv_header_ncursesw_ncurses_h=no
ac_cv_header_nlist_h=no
ac_cv_header_poll_h=yes
ac_cv_header_proc_service_h=yes
ac_cv_header_pthread_h=yes
ac_cv_header_ptrace_h=no
ac_cv_header_signal_h=yes
ac_cv_header_stdc=yes
ac_cv_header_stdint_h=yes
ac_cv_header_stdlib_h=yes
ac_cv_header_string_h=yes
ac_cv_header_strings_h=yes
ac_cv_header_sys_debugreg_h=yes
ac_cv_header_sys_file_h=yes
ac_cv_header_sys_filio_h=no
ac_cv_header_sys_ioctl_h=yes
ac_cv_header_sys_param_h=yes
ac_cv_header_sys_poll_h=yes
ac_cv_header_sys_procfs_h=yes
ac_cv_header_sys_ptrace_h=yes
ac_cv_header_sys_reg_h=yes
ac_cv_header_sys_resource_h=yes
ac_cv_header_sys_select_h=yes
ac_cv_header_sys_socket_h=yes
ac_cv_header_sys_stat_h=yes
ac_cv_header_sys_types_h=yes
ac_cv_header_sys_un_h=yes
ac_cv_header_sys_user_h=yes
ac_cv_header_sys_wait_h=yes
ac_cv_header_term_h=no
ac_cv_header_termios_h=yes
ac_cv_header_thread_db_h=yes
ac_cv_header_unistd_h=yes
ac_cv_header_vfork_h=no
ac_cv_header_wait_h=yes
ac_cv_header_windows_h=no
ac_cv_host=x86_64-pc-linux-gnu
ac_cv_lib_m_main=yes
ac_cv_libbabeltrace=no
ac_cv_libexpat=yes
ac_cv_libipt=no
ac_cv_liblzma=no
ac_cv_libmpfr=yes
ac_cv_member_struct_ptrace_lwpinfo_pl_syscall_code=no
ac_cv_member_struct_ptrace_lwpinfo_pl_tdname=no
ac_cv_member_struct_reg_r_fs=no
ac_cv_member_struct_reg_r_gs=no
ac_cv_member_struct_stat_st_blksize=yes
ac_cv_member_struct_stat_st_blocks=yes
ac_cv_member_struct_thread_td_pcb=no
ac_cv_member_struct_user_regs_struct_fs_base=yes
ac_cv_member_struct_user_regs_struct_gs_base=yes
ac_cv_objext=o
ac_cv_path_EGREP='/bin/grep -E'
ac_cv_path_GREP=/bin/grep
ac_cv_path_pkg_config_prog_path=/usr/bin/pkg-config
ac_cv_path_python_prog_path=/usr/bin/python
ac_cv_prog_AR=ar
ac_cv_prog_AWK=mawk
ac_cv_prog_CC=gcc
ac_cv_prog_CPP='gcc -E'
ac_cv_prog_DLLTOOL=dlltool
ac_cv_prog_RANLIB=ranlib
ac_cv_prog_WINDRES=windres
ac_cv_prog_YACC='bison -y'
ac_cv_prog_cc_c89=
ac_cv_prog_cc_g=yes
ac_cv_prog_cxx_g=yes
ac_cv_safe_to_define___extensions__=yes
ac_cv_search_dlopen=-ldl
ac_cv_search_gethostbyname='none required'
ac_cv_search_kinfo_getvmmap=no
ac_cv_search_socketpair='none required'
ac_cv_search_tgetent=-ltermcap
ac_cv_search_waddstr=no
ac_cv_sizeof_long_long=8
ac_cv_sizeof_unsigned___int128=16
ac_cv_sizeof_unsigned_long=8
ac_cv_sizeof_unsigned_long_long=8
ac_cv_sys_file_offset_bits=no
ac_cv_sys_largefile_CC=no
ac_cv_target=arm-unknown-linux-gnu
ac_cv_type_long_long=yes
ac_cv_type_pid_t=yes
ac_cv_type_socklen_t=yes
ac_cv_var__etext=yes
ac_cv_var_etext=yes
ac_cv_working_alloca_h=yes
acl_cv_hardcode_direct=no
acl_cv_hardcode_libdir_flag_spec='${wl}-rpath ${wl}$libdir'
acl_cv_hardcode_libdir_separator=
acl_cv_hardcode_minus_L=no
acl_cv_libext=a
acl_cv_path_LD=ld
acl_cv_prog_gnu_ld=yes
acl_cv_rpath=done
acl_cv_shlibext=so
acl_cv_wl=-Wl,
am_cv_CC_dependencies_compiler_type=gcc3
am_cv_func_iconv=yes
am_cv_langinfo_codeset=yes
am_cv_lib_iconv=no
am_cv_prog_cc_stdc=
am_cv_proto_iconv='extern size_t iconv (iconv_t cd, char * *inbuf, size_t *inbytesleft, char * *outbuf, size_t *outbytesleft);'
am_cv_proto_iconv_arg1=
am_cv_val_LC_MESSAGES=yes
ax_cv_cxx_compile_cxx11=yes
bfd_cv_have_sys_procfs_type_fpregset_t=no
bfd_cv_have_sys_procfs_type_gregset_t=no
bfd_cv_have_sys_procfs_type_lwpid_t=yes
bfd_cv_have_sys_procfs_type_prfpregset_t=yes
bfd_cv_have_sys_procfs_type_prgregset32_t=no
bfd_cv_have_sys_procfs_type_prgregset_t=yes
bfd_cv_have_sys_procfs_type_psaddr_t=yes
gdb_cv_c_long_double=yes
gdb_cv_c_long_long=yes
gdb_cv_func_ptrace_args='enum __ptrace_request,int,long,long'
gdb_cv_func_ptrace_ret=long
gdb_cv_func_sigsetjmp=yes
gdb_cv_have_gnu_regex=yes
gdb_cv_have_makeinfo_click=yes
gdb_cv_have_pt_getdbregs=no
gdb_cv_have_pt_getxmmregs=no
gdb_cv_have_ptrace_getfpxregs=yes
gdb_cv_have_ptrace_getregs=yes
gdb_cv_os_cygwin=no
gdb_cv_prfpregset_t_broken=no
gdb_cv_printf_has_decfloat=no
gdb_cv_printf_has_long_double=yes
gdb_cv_printf_has_long_long=yes
gdb_cv_scanf_has_long_double=yes
gdb_cv_struct_lwp=no
gdb_cv_struct_reg=no
gdb_cv_thread_db_h_has_td_notalloc=yes
gdb_cv_thread_db_h_has_td_notls=yes
gdb_cv_thread_db_h_has_td_version=yes
gdb_cv_var_elf=yes
gdb_cv_var_macho=no

## ----------------- ##
## Output variables. ##
## ----------------- ##

ALLOCA=''
AR='ar'
AWK='mawk'
CATALOGS=''
CATOBJEXT='.gmo'
CC='gcc'
CCDEPMODE='depmode=gcc3'
CFLAGS='-g -O2'
CONFIG_ALL=' all-po'
CONFIG_CLEAN=' clean-po'
CONFIG_DEPS=' $(SUBDIR_CLI_DEPS) $(SUBDIR_MI_DEPS) $(SUBDIR_PYTHON_DEPS)'
CONFIG_INSTALL=' install-po install-python'
CONFIG_LDFLAGS=''
CONFIG_OBS=' $(SUBDIR_CLI_OBS) $(SUBDIR_MI_OBS) $(SUBDIR_PYTHON_OBS) guile/guile.o elfread.o stap-probe.o dtrace-probe.o posix-hdep.o posix-strerror.o'
CONFIG_SRCS=' $(SUBDIR_CLI_SRCS) $(SUBDIR_MI_SRCS) $(SUBDIR_PYTHON_SRCS) guile/guile.c'
CONFIG_UNINSTALL=' uninstall-po'
CPP='gcc -E'
CPPFLAGS=''
CXX='g++'
CXXFLAGS='-g -O2'
CXX_DIALECT=''
DATADIRNAME='share'
DEBUGDIR='${exec_prefix}/lib/debug'
DEFS='-DHAVE_CONFIG_H'
DEPDIR='.deps'
DLLTOOL='dlltool'
ECHO_C=''
ECHO_N='-n'
ECHO_T=''
EGREP='/bin/grep -E'
ENABLE_CFLAGS=' $(SUBDIR_CLI_CFLAGS) $(SUBDIR_MI_CFLAGS) $(SUBDIR_PYTHON_CFLAGS)'
EXEEXT=''
GCORE_TRANSFORM_NAME='arm-linux-gcore'
GDBTKLIBS=''
GDBTK_CFLAGS=''
GDBTK_SRC_DIR=''
GDB_DATADIR='${datarootdir}/gdb'
GDB_NM_FILE=''
GDB_TRANSFORM_NAME='arm-linux-gdb'
GENCAT='gencat'
GMSGFMT='/usr/bin/msgfmt'
GNULIB_STDINT_H=''
GREP='/bin/grep'
GUILD=''
GUILD_TARGET_FLAG=''
GUILE_CPPFLAGS=''
GUILE_LIBS=''
GUI_CFLAGS_X='-I./../libgui/src'
HAVE_CXX11='1'
HAVE_GUILE_FALSE=''
HAVE_GUILE_TRUE='#'
HAVE_LIBBABELTRACE='no'
HAVE_LIBEXPAT='yes'
HAVE_LIBIPT='no'
HAVE_LIBLZMA='no'
HAVE_LIBMPFR='yes'
HAVE_NATIVE_GCORE_HOST=''
HAVE_NATIVE_GCORE_TARGET=''
HAVE_PYTHON_FALSE='#'
HAVE_PYTHON_TRUE=''
INCINTL=''
INSTALL_DATA='/usr/bin/install -c -m 644'
INSTALL_PROGRAM='/usr/bin/install -c'
INSTALL_SCRIPT='/usr/bin/install -c'
INSTALL_STRIP_PROGRAM='$(install_sh) -c -s'
INSTOBJEXT='.mo'
JIT_READER_DIR='${exec_prefix}/lib/gdb'
LDFLAGS='-static-libstdc++ -static-libgcc '
LIBBABELTRACE=''
LIBEXPAT='-lexpat'
LIBGUI='../libgui/src/libgui.a'
LIBICONV=''
LIBINTL=''
LIBINTL_DEP=''
LIBIPT=''
LIBLZMA=''
LIBMPFR='-lmpfr'
LIBOBJS=''
LIBS='-ldl -ldl -ltermcap -lm -ldl '
LN_S='ln -s'
LOADLIBES=''
LTLIBBABELTRACE=''
LTLIBEXPAT='-lexpat'
LTLIBICONV=''
LTLIBIPT=''
LTLIBLZMA=''
LTLIBMPFR='-lmpfr'
LTLIBOBJS=''
MAINT='#'
MAINTAINER_MODE_FALSE=''
MAINTAINER_MODE_TRUE='#'
MAKEINFO='makeinfo --split-size=5000000'
MAKEINFOFLAGS=''
MAKEINFO_EXTRA_FLAGS=' -DHAVE_MAKEINFO_CLICK'
MH_CFLAGS=''
MIG=''
NATDEPFILES=''
NAT_CDEPS=''
NAT_FILE=''
NAT_GENERATED_FILES=''
OBJEXT='o'
PACKAGE='gdb'
PACKAGE_BUGREPORT=''
PACKAGE_NAME=''
PACKAGE_STRING=''
PACKAGE_TARNAME=''
PACKAGE_URL=''
PACKAGE_VERSION=''
PATH_SEPARATOR=':'
PKGVERSION='(GDB) '
POSUB='po'
PROFILE_CFLAGS=''
PYTHON_CFLAGS=' -fno-strict-aliasing -DNDEBUG -fwrapv'
PYTHON_CPPFLAGS='-I/usr/include/python2.7 -I/usr/include/python2.7'
PYTHON_LIBS='-lpthread -ldl -lutil -lm -lpython2.7  -Wl,-O1 -Wl,-Bsymbolic-functions'
RANLIB='ranlib'
RDYNAMIC='-rdynamic'
READLINE='$(READLINE_DIR)/libreadline.a'
READLINE_CFLAGS='-I$(READLINE_SRC)/..'
READLINE_DEPS='$(READLINE)'
READLINE_TEXI_INCFLAG='-I $(READLINE_DIR)'
REPORT_BUGS_TEXI='@uref{http://www.gnu.org/software/gdb/bugs/}'
REPORT_BUGS_TO='<http://www.gnu.org/software/gdb/bugs/>'
SER_HARDWIRE='ser-base.o ser-unix.o ser-pipe.o ser-tcp.o'
SHELL='/bin/bash'
SIM=''
SIM_OBS=''
STRIP=''
SYSTEM_GDBINIT=''
TARGET_OBS=' arch/arm.o arch/arm-get-next-pcs.o arm-tdep.o arch/arm-linux.o arm-linux-tdep.o glibc-tdep.o solib-svr4.o symfile-mem.o linux-tdep.o linux-record.o'
TARGET_PTR='unsigned long'
TARGET_SYSTEM_ROOT=''
TCL_BIN_DIR=''
TCL_DEPS=''
TCL_INCLUDE=''
TCL_LIBRARY=''
TCL_LIB_FILE=''
TCL_LIB_FLAG=''
TCL_LIB_SPEC=''
TCL_PATCH_LEVEL=''
TCL_SRC_DIR=''
TCL_STUB_LIB_FILE=''
TCL_STUB_LIB_FLAG=''
TCL_STUB_LIB_SPEC=''
TCL_VERSION=''
TK_BIN_DIR=''
TK_DEPS=''
TK_INCLUDE=''
TK_LIBRARY=''
TK_LIB_FILE=''
TK_LIB_FLAG=''
TK_LIB_SPEC=''
TK_SRC_DIR=''
TK_STUB_LIB_FILE=''
TK_STUB_LIB_FLAG=''
TK_STUB_LIB_SPEC=''
TK_VERSION=''
TK_XINCLUDES=''
USE_NLS='yes'
WARN_CFLAGS=' -Wall -Wpointer-arith -Wno-unused -Wunused-value -Wunused-function -Wno-switch -Wno-char-subscripts -Wempty-body -Wunused-but-set-parameter -Wunused-but-set-variable -Wno-sign-compare -Wno-narrowing -Wno-error=maybe-uninitialized -Wformat-nonliteral'
WERROR_CFLAGS=''
WIN32LDAPP=''
WIN32LIBS=''
WINDRES='windres'
XGETTEXT='/usr/bin/xgettext'
XMKMF=''
XM_CLIBS=''
XSLTPROC='missing'
X_CFLAGS=''
X_LDFLAGS=''
X_LIBS=''
YACC='bison -y'
YFLAGS=''
ac_ct_CC=''
ac_ct_CXX=''
am__leading_dot='.'
bindir='${exec_prefix}/bin'
build='x86_64-pc-linux-gnu'
build_alias='x86_64-pc-linux-gnu'
build_cpu='x86_64'
build_os='linux-gnu'
build_vendor='pc'
datadir='${datarootdir}'
datarootdir='${prefix}/share'
docdir='${datarootdir}/doc/${PACKAGE}'
dvidir='${docdir}'
exec_prefix='${prefix}'
host='x86_64-pc-linux-gnu'
host_alias='x86_64-pc-linux-gnu'
host_cpu='x86_64'
host_os='linux-gnu'
host_vendor='pc'
htmldir='${docdir}'
includedir='${prefix}/include'
infodir='${datarootdir}/info'
install_sh='${SHELL} /home/work/crosscompiler/gdb-8.1.1/install-sh'
libdir='${exec_prefix}/lib'
libexecdir='${exec_prefix}/libexec'
localedir='${datadir}/locale'
localstatedir='${prefix}/var'
mandir='${datarootdir}/man'
oldincludedir='/usr/include'
pdfdir='${docdir}'
pkg_config_prog_path='/usr/bin/pkg-config'
prefix='/usr/local/arm-gdb'
program_transform_name='s&^&arm-linux-&'
psdir='${docdir}'
python_prog_path='/usr/bin/python'
sbindir='${exec_prefix}/sbin'
sharedstatedir='${prefix}/com'
subdirs=' testsuite'
sysconfdir='${prefix}/etc'
target='arm-unknown-linux-gnu'
target_alias='arm-linux'
target_cpu='arm'
target_os='linux-gnu'
target_subdir='arm-linux/'
target_vendor='unknown'
zlibdir='-L$(top_builddir)/../zlib'
zlibinc='-I$(top_srcdir)/../zlib'

## ------------------- ##
## File substitutions. ##
## ------------------- ##

nat_makefile_frag='/dev/null'

## ----------- ##
## confdefs.h. ##
## ----------- ##

/* confdefs.h */
#define PACKAGE_NAME ""
#define PACKAGE_TARNAME ""
#define PACKAGE_VERSION ""
#define PACKAGE_STRING ""
#define PACKAGE_BUGREPORT ""
#define PACKAGE_URL ""
#define STDC_HEADERS 1
#define HAVE_SYS_TYPES_H 1
#define HAVE_SYS_STAT_H 1
#define HAVE_STDLIB_H 1
#define HAVE_STRING_H 1
#define HAVE_MEMORY_H 1
#define HAVE_STRINGS_H 1
#define HAVE_INTTYPES_H 1
#define HAVE_STDINT_H 1
#define HAVE_UNISTD_H 1
#define __EXTENSIONS__ 1
#define _ALL_SOURCE 1
#define _GNU_SOURCE 1
#define _POSIX_PTHREAD_SEMANTICS 1
#define _TANDEM_SOURCE 1
#define HAVE_DLFCN_H 1
#define HAVE_CXX11 1
#define ENABLE_NLS 1
#define PACKAGE "gdb"
#define DEBUGDIR "/usr/local/arm-gdb/lib/debug"
#define DEBUGDIR_RELOCATABLE 1
#define BINDIR "/usr/local/arm-gdb/bin"
#define GDB_DATADIR "/usr/local/arm-gdb/share/gdb"
#define GDB_DATADIR_RELOCATABLE 1
#define AUTO_LOAD_DIR "$debugdir:$datadir/auto-load"
#define AUTO_LOAD_SAFE_PATH "$debugdir:$datadir/auto-load"
#define DEFAULT_BFD_ARCH bfd_arm_arch
#define DEFAULT_BFD_VEC arm_elf32_le_vec
#define HAVE_MONSTARTUP 1
#define HAVE__MCLEANUP 1
#define HAVE__ETEXT 1
#define HAVE_ETEXT 1
#define PKGVERSION "(GDB) "
#define REPORT_BUGS_TO "<http://www.gnu.org/software/gdb/bugs/>"
#define HAVE_LIBM 1
#define HAVE_ICONV 1
#define ICONV_CONST 
#define SIZEOF_UNSIGNED_LONG_LONG 8
#define SIZEOF_UNSIGNED_LONG 8
#define SIZEOF_UNSIGNED___INT128 16
#define JIT_READER_DIR "/usr/local/arm-gdb/lib/gdb"
#define JIT_READER_DIR_RELOCATABLE 1
#define HAVE_LIBEXPAT 1
#define HAVE_XML_STOPPARSER 1
#define HAVE_LIBMPFR 1
#define HAVE_LIBPYTHON2_7 1
#define WITH_PYTHON_PATH "/usr"
#define PYTHON_PATH_RELOCATABLE 0
#define HAVE_PYTHON 1
#define STDC_HEADERS 1
#define HAVE_POLL_H 1
#define HAVE_SYS_POLL_H 1
#define HAVE_PROC_SERVICE_H 1
#define HAVE_THREAD_DB_H 1
#define HAVE_SYS_FILE_H 1
#define HAVE_SYS_IOCTL_H 1
#define HAVE_SYS_PARAM_H 1
#define HAVE_SYS_RESOURCE_H 1
#define HAVE_SYS_PROCFS_H 1
#define HAVE_SYS_PTRACE_H 1
#define HAVE_SYS_REG_H 1
#define HAVE_SYS_DEBUGREG_H 1
#define HAVE_SYS_SELECT_H 1
#define HAVE_TERMIOS_H 1
#define HAVE_DLFCN_H 1
#define HAVE_SYS_USER_H 1
#define HAVE_LONG_LONG 1
#define SIZEOF_LONG_LONG 8
#define HAVE_DECL_BASENAME 1
#define HAVE_DECL_FFS 1
#define HAVE_DECL_ASPRINTF 1
#define HAVE_DECL_VASPRINTF 1
#define HAVE_DECL_SNPRINTF 1
#define HAVE_DECL_VSNPRINTF 1
#define HAVE_DECL_STRTOL 1
#define HAVE_DECL_STRTOUL 1
#define HAVE_DECL_STRTOLL 1
#define HAVE_DECL_STRTOULL 1
#define HAVE_DECL_STRVERSCMP 1
#define HAVE_DECL_FREE 1
#define HAVE_DECL_MALLOC 1
#define HAVE_DECL_REALLOC 1
#define HAVE_DECL_SNPRINTF 1
#define HAVE_LC_MESSAGES 1
#define HAVE_STRUCT_STAT_ST_BLOCKS 1
#define HAVE_STRUCT_STAT_ST_BLKSIZE 1
#define HAVE_SOCKLEN_T 1
#define HAVE_STDLIB_H 1
#define HAVE_UNISTD_H 1
#define HAVE_GETPAGESIZE 1
#define HAVE_MMAP 1
#define HAVE_FORK 1
#define HAVE_VFORK 1
#define HAVE_WORKING_VFORK 1
#define HAVE_WORKING_FORK 1
#define HAVE_GETAUXVAL 1
#define HAVE_GETRUSAGE 1
#define HAVE_GETUID 1
#define HAVE_GETGID 1
#define HAVE_PIPE 1
#define HAVE_POLL 1
#define HAVE_PREAD 1
#define HAVE_PREAD64 1
#define HAVE_PWRITE 1
#define HAVE_SBRK 1
#define HAVE_SETPGID 1
#define HAVE_SETPGRP 1
#define HAVE_SETSID 1
#define HAVE_SIGACTION 1
#define HAVE_SIGPROCMASK 1
#define HAVE_SIGSETMASK 1
#define HAVE_SOCKETPAIR 1
#define HAVE_SETLOCALE 1
#define HAVE_BTOWC 1
#define HAVE_SETRLIMIT 1
#define HAVE_GETRLIMIT 1
#define HAVE_POSIX_MADVISE 1
#define HAVE_WAITPID 1
#define HAVE_SIGALTSTACK 1
#define HAVE_MKDTEMP 1
#define HAVE_SETNS 1
#define HAVE_LANGINFO_CODESET 1
#define STDC_HEADERS 1
#define HAVE_ALLOCA_H 1
#define HAVE_ALLOCA 1
#define HAVE_LANGINFO_CODESET 1
#define HAVE_LINUX_PERF_EVENT_H 1
#define HAVE_LOCALE_H 1
#define HAVE_MEMORY_H 1
#define HAVE_SIGNAL_H 1
#define HAVE_SYS_RESOURCE_H 1
#define HAVE_SYS_SOCKET_H 1
#define HAVE_SYS_UN_H 1
#define HAVE_SYS_WAIT_H 1
#define HAVE_THREAD_DB_H 1
#define HAVE_WAIT_H 1
#define HAVE_TERMIOS_H 1
#define HAVE_GETRLIMIT 1
#define HAVE_PIPE 1
#define HAVE_PIPE2 1
#define HAVE_SOCKETPAIR 1
#define HAVE_SIGACTION 1
#define HAVE_DECL_STRERROR 1
#define HAVE_DECL_STRSTR 1
#define HAVE_SIGSETJMP 1
#define HAVE_SYS_PTRACE_H 1
#define HAVE_DECL_PTRACE 1
#define PTRACE_TYPE_RET long
#define PTRACE_TYPE_ARG1 enum __ptrace_request
#define PTRACE_TYPE_ARG3 long
#define PTRACE_TYPE_ARG4 long
#define SETPGRP_VOID 1
#define HAVE_STRUCT_USER_REGS_STRUCT_FS_BASE 1
#define HAVE_STRUCT_USER_REGS_STRUCT_GS_BASE 1
#define HAVE_PTRACE_GETREGS 1
#define HAVE_PTRACE_GETFPXREGS 1
#define HAVE_PRGREGSET_T 1
#define HAVE_PRFPREGSET_T 1
#define HAVE_LWPID_T 1
#define HAVE_PSADDR_T 1
#define PRINTF_HAS_LONG_LONG 1
#define HAVE_LONG_DOUBLE 1
#define PRINTF_HAS_LONG_DOUBLE 1
#define SCANF_HAS_LONG_DOUBLE 1
#define THREAD_DB_HAS_TD_NOTALLOC 1
#define THREAD_DB_HAS_TD_VERSION 1
#define THREAD_DB_HAS_TD_NOTLS 1
#define HAVE_DECL_ADDR_NO_RANDOMIZE 1
#define HAVE_PERSONALITY 1
#define GDBINIT ".gdbinit"
#define TARGET_SYSTEM_ROOT ""
#define TARGET_SYSTEM_ROOT_RELOCATABLE 0
#define SYSTEM_GDBINIT ""
#define SYSTEM_GDBINIT_RELOCATABLE 0
#define HAVE_ELF 1
#define GDB_HOST_FLOAT_FORMAT &floatformat_ieee_single_little
#define GDB_HOST_DOUBLE_FORMAT &floatformat_ieee_double_little
#define GDB_HOST_LONG_DOUBLE_FORMAT &floatformat_i387_ext
#define GDB_OSABI_DEFAULT GDB_OSABI_LINUX
#define GDB_DEFAULT_HOST_CHARSET "UTF-8"

configure: exit 0

## ---------------------- ##
## Running config.status. ##
## ---------------------- ##

This file was extended by config.status, which was
generated by GNU Autoconf 2.64.  Invocation command line was

  CONFIG_FILES    = Makefile
  CONFIG_HEADERS  = 
  CONFIG_LINKS    = 
  CONFIG_COMMANDS = 
  $ config.status 

on ubuntu

config.status:1188: creating Makefile

## ---------------------- ##
## Running config.status. ##
## ---------------------- ##

This file was extended by config.status, which was
generated by GNU Autoconf 2.64.  Invocation command line was

  CONFIG_FILES    = 
  CONFIG_HEADERS  = 
  CONFIG_LINKS    = 
  CONFIG_COMMANDS = 
  $ ./config.status doc/Makefile

on ubuntu

config.status:1188: creating doc/Makefile

## ---------------------- ##
## Running config.status. ##
## ---------------------- ##

This file was extended by config.status, which was
generated by GNU Autoconf 2.64.  Invocation command line was

  CONFIG_FILES    = data-directory/Makefile
  CONFIG_HEADERS  = 
  CONFIG_LINKS    = 
  CONFIG_COMMANDS = depfiles
  $ config.status 

on ubuntu

config.status:1188: creating data-directory/Makefile
config.status:1404: executing depfiles commands
